<?xml version="1.0" encoding="UTF-8"?>
<testng-results skipped="0" failed="0" ignored="0" total="1" passed="1">
  <reporter-output>
  </reporter-output>
  <suite name="Default suite" duration-ms="47845" started-at="2020-09-28T03:54:50 EET" finished-at="2020-09-28T03:55:38 EET">
    <groups>
      <group name="cucumber">
        <method signature="AbstractTestNGCucumberTests.runScenario(io.cucumber.testng.PickleWrapper, io.cucumber.testng.FeatureWrapper)[pri:0, instance:runner.TestExecution@462d5aee]" name="runScenario" class="io.cucumber.testng.AbstractTestNGCucumberTests"/>
      </group> <!-- cucumber -->
    </groups>
    <test name="Default test" duration-ms="47845" started-at="2020-09-28T03:54:50 EET" finished-at="2020-09-28T03:55:38 EET">
      <class name="runner.TestExecution">
        <test-method status="PASS" signature="setUpClass()[pri:0, instance:runner.TestExecution@462d5aee]" name="setUpClass" is-config="true" duration-ms="437" started-at="2020-09-28T03:54:50 EET" finished-at="2020-09-28T03:54:51 EET">
          <reporter-output>
          </reporter-output>
        </test-method> <!-- setUpClass -->
        <test-method status="PASS" signature="runScenario(io.cucumber.testng.PickleWrapper, io.cucumber.testng.FeatureWrapper)[pri:0, instance:runner.TestExecution@462d5aee]" name="runScenario" duration-ms="47353" started-at="2020-09-28T03:54:51 EET" description="Runs Cucumber Scenarios" data-provider="scenarios" finished-at="2020-09-28T03:55:38 EET">
          <params>
            <param index="0">
              <value>
                <![CDATA["User Print Href of only Special Offer food in Beef & Veal"]]>
              </value>
            </param>
            <param index="1">
              <value>
                <![CDATA["Optional[User Select only Special Offers food in Beef & Veal]"]]>
              </value>
            </param>
          </params>
          <reporter-output>
          </reporter-output>
        </test-method> <!-- runScenario -->
        <test-method status="PASS" signature="tearDownClass()[pri:0, instance:runner.TestExecution@462d5aee]" name="tearDownClass" is-config="true" duration-ms="14" started-at="2020-09-28T03:55:38 EET" finished-at="2020-09-28T03:55:38 EET">
          <reporter-output>
          </reporter-output>
        </test-method> <!-- tearDownClass -->
      </class> <!-- runner.TestExecution -->
    </test> <!-- Default test -->
  </suite> <!-- Default suite -->
</testng-results>
